{"/home/fbzpanatto/codenation/nodejs-8/src/server.js": {"path":"/home/fbzpanatto/codenation/nodejs-8/src/server.js","statementMap":{"0":{"start":{"line":1,"column":16},"end":{"line":1,"column":34}},"1":{"start":{"line":2,"column":19},"end":{"line":2,"column":41}},"2":{"start":{"line":3,"column":12},"end":{"line":3,"column":21}},"3":{"start":{"line":5,"column":20},"end":{"line":5,"column":44}},"4":{"start":{"line":7,"column":0},"end":{"line":7,"column":26}},"5":{"start":{"line":9,"column":0},"end":{"line":18,"column":1}},"6":{"start":{"line":10,"column":2},"end":{"line":17,"column":16}},"7":{"start":{"line":12,"column":6},"end":{"line":15,"column":8}},"8":{"start":{"line":20,"column":0},"end":{"line":31,"column":2}},"9":{"start":{"line":21,"column":13},"end":{"line":21,"column":32}},"10":{"start":{"line":23,"column":2},"end":{"line":30,"column":16}},"11":{"start":{"line":25,"column":6},"end":{"line":27,"column":7}},"12":{"start":{"line":26,"column":8},"end":{"line":26,"column":85}},"13":{"start":{"line":28,"column":6},"end":{"line":28,"column":41}},"14":{"start":{"line":33,"column":0},"end":{"line":39,"column":2}},"15":{"start":{"line":34,"column":15},"end":{"line":34,"column":42}},"16":{"start":{"line":36,"column":2},"end":{"line":38,"column":16}},"17":{"start":{"line":37,"column":20},"end":{"line":37,"column":48}},"18":{"start":{"line":41,"column":0},"end":{"line":53,"column":2}},"19":{"start":{"line":42,"column":13},"end":{"line":42,"column":32}},"20":{"start":{"line":43,"column":13},"end":{"line":43,"column":21}},"21":{"start":{"line":45,"column":2},"end":{"line":52,"column":16}},"22":{"start":{"line":47,"column":6},"end":{"line":49,"column":7}},"23":{"start":{"line":48,"column":8},"end":{"line":48,"column":85}},"24":{"start":{"line":50,"column":6},"end":{"line":50,"column":41}},"25":{"start":{"line":55,"column":0},"end":{"line":66,"column":2}},"26":{"start":{"line":56,"column":13},"end":{"line":56,"column":32}},"27":{"start":{"line":58,"column":2},"end":{"line":65,"column":16}},"28":{"start":{"line":60,"column":6},"end":{"line":62,"column":7}},"29":{"start":{"line":61,"column":8},"end":{"line":61,"column":85}},"30":{"start":{"line":63,"column":6},"end":{"line":63,"column":32}},"31":{"start":{"line":68,"column":0},"end":{"line":68,"column":24}}},"fnMap":{"0":{"name":"(anonymous_0)","decl":{"start":{"line":9,"column":24},"end":{"line":9,"column":25}},"loc":{"start":{"line":10,"column":2},"end":{"line":17,"column":16}},"line":10},"1":{"name":"(anonymous_1)","decl":{"start":{"line":11,"column":10},"end":{"line":11,"column":11}},"loc":{"start":{"line":12,"column":6},"end":{"line":15,"column":8}},"line":12},"2":{"name":"(anonymous_2)","decl":{"start":{"line":20,"column":34},"end":{"line":20,"column":35}},"loc":{"start":{"line":20,"column":60},"end":{"line":31,"column":1}},"line":20},"3":{"name":"(anonymous_3)","decl":{"start":{"line":24,"column":10},"end":{"line":24,"column":11}},"loc":{"start":{"line":24,"column":20},"end":{"line":29,"column":5}},"line":24},"4":{"name":"(anonymous_4)","decl":{"start":{"line":33,"column":25},"end":{"line":33,"column":26}},"loc":{"start":{"line":33,"column":51},"end":{"line":39,"column":1}},"line":33},"5":{"name":"(anonymous_5)","decl":{"start":{"line":37,"column":10},"end":{"line":37,"column":11}},"loc":{"start":{"line":37,"column":20},"end":{"line":37,"column":48}},"line":37},"6":{"name":"(anonymous_6)","decl":{"start":{"line":41,"column":36},"end":{"line":41,"column":37}},"loc":{"start":{"line":41,"column":62},"end":{"line":53,"column":1}},"line":41},"7":{"name":"(anonymous_7)","decl":{"start":{"line":46,"column":10},"end":{"line":46,"column":11}},"loc":{"start":{"line":46,"column":20},"end":{"line":51,"column":5}},"line":46},"8":{"name":"(anonymous_8)","decl":{"start":{"line":55,"column":37},"end":{"line":55,"column":38}},"loc":{"start":{"line":55,"column":63},"end":{"line":66,"column":1}},"line":55},"9":{"name":"(anonymous_9)","decl":{"start":{"line":59,"column":10},"end":{"line":59,"column":11}},"loc":{"start":{"line":59,"column":20},"end":{"line":64,"column":5}},"line":59}},"branchMap":{"0":{"loc":{"start":{"line":25,"column":6},"end":{"line":27,"column":7}},"type":"if","locations":[{"start":{"line":25,"column":6},"end":{"line":27,"column":7}},{"start":{"line":25,"column":6},"end":{"line":27,"column":7}}],"line":25},"1":{"loc":{"start":{"line":47,"column":6},"end":{"line":49,"column":7}},"type":"if","locations":[{"start":{"line":47,"column":6},"end":{"line":49,"column":7}},{"start":{"line":47,"column":6},"end":{"line":49,"column":7}}],"line":47},"2":{"loc":{"start":{"line":60,"column":6},"end":{"line":62,"column":7}},"type":"if","locations":[{"start":{"line":60,"column":6},"end":{"line":62,"column":7}},{"start":{"line":60,"column":6},"end":{"line":62,"column":7}}],"line":60}},"s":{"0":1,"1":1,"2":1,"3":1,"4":1,"5":1,"6":3,"7":3,"8":1,"9":2,"10":2,"11":2,"12":1,"13":1,"14":1,"15":1,"16":1,"17":1,"18":1,"19":2,"20":2,"21":2,"22":2,"23":1,"24":1,"25":1,"26":2,"27":2,"28":2,"29":1,"30":1,"31":1},"f":{"0":3,"1":3,"2":2,"3":2,"4":1,"5":1,"6":2,"7":2,"8":2,"9":2},"b":{"0":[1,1],"1":[1,1],"2":[1,1]},"_coverageSchema":"43e27e138ebf9cfc5966b082cf9a028302ed4184","hash":"337b05ce689b8d2827e56756d53826fef34eb95a"}
,"/home/fbzpanatto/codenation/nodejs-8/src/model/index.js": {"path":"/home/fbzpanatto/codenation/nodejs-8/src/model/index.js","statementMap":{"0":{"start":{"line":1,"column":11},"end":{"line":1,"column":24}},"1":{"start":{"line":2,"column":13},"end":{"line":2,"column":28}},"2":{"start":{"line":3,"column":12},"end":{"line":3,"column":49}},"3":{"start":{"line":5,"column":16},"end":{"line":5,"column":35}},"4":{"start":{"line":7,"column":15},"end":{"line":7,"column":63}},"5":{"start":{"line":7,"column":21},"end":{"line":7,"column":63}},"6":{"start":{"line":9,"column":17},"end":{"line":18,"column":1}},"7":{"start":{"line":10,"column":19},"end":{"line":10,"column":74}},"8":{"start":{"line":12,"column":2},"end":{"line":17,"column":3}},"9":{"start":{"line":13,"column":28},"end":{"line":13,"column":57}},"10":{"start":{"line":14,"column":4},"end":{"line":14,"column":62}},"11":{"start":{"line":16,"column":4},"end":{"line":16,"column":49}},"12":{"start":{"line":20,"column":16},"end":{"line":75,"column":1}},"13":{"start":{"line":22,"column":17},"end":{"line":22,"column":42}},"14":{"start":{"line":25,"column":18},"end":{"line":28,"column":4}},"15":{"start":{"line":26,"column":15},"end":{"line":26,"column":23}},"16":{"start":{"line":27,"column":4},"end":{"line":27,"column":26}},"17":{"start":{"line":31,"column":18},"end":{"line":43,"column":4}},"18":{"start":{"line":32,"column":15},"end":{"line":32,"column":23}},"19":{"start":{"line":33,"column":15},"end":{"line":33,"column":87}},"20":{"start":{"line":34,"column":4},"end":{"line":38,"column":5}},"21":{"start":{"line":40,"column":4},"end":{"line":40,"column":16}},"22":{"start":{"line":42,"column":4},"end":{"line":42,"column":26}},"23":{"start":{"line":46,"column":24},"end":{"line":60,"column":4}},"24":{"start":{"line":47,"column":15},"end":{"line":47,"column":23}},"25":{"start":{"line":49,"column":4},"end":{"line":51,"column":5}},"26":{"start":{"line":50,"column":6},"end":{"line":50,"column":27}},"27":{"start":{"line":53,"column":4},"end":{"line":57,"column":5}},"28":{"start":{"line":59,"column":4},"end":{"line":59,"column":26}},"29":{"start":{"line":63,"column":17},"end":{"line":74,"column":4}},"30":{"start":{"line":64,"column":15},"end":{"line":64,"column":23}},"31":{"start":{"line":66,"column":4},"end":{"line":71,"column":5}},"32":{"start":{"line":67,"column":6},"end":{"line":67,"column":19}},"33":{"start":{"line":68,"column":6},"end":{"line":68,"column":18}},"34":{"start":{"line":70,"column":6},"end":{"line":70,"column":26}},"35":{"start":{"line":73,"column":4},"end":{"line":73,"column":25}},"36":{"start":{"line":78,"column":0},"end":{"line":78,"column":28}}},"fnMap":{"0":{"name":"(anonymous_0)","decl":{"start":{"line":7,"column":15},"end":{"line":7,"column":16}},"loc":{"start":{"line":7,"column":21},"end":{"line":7,"column":63}},"line":7},"1":{"name":"(anonymous_1)","decl":{"start":{"line":9,"column":17},"end":{"line":9,"column":18}},"loc":{"start":{"line":9,"column":27},"end":{"line":18,"column":1}},"line":9},"2":{"name":"(anonymous_2)","decl":{"start":{"line":22,"column":11},"end":{"line":22,"column":12}},"loc":{"start":{"line":22,"column":17},"end":{"line":22,"column":42}},"line":22},"3":{"name":"(anonymous_3)","decl":{"start":{"line":25,"column":12},"end":{"line":25,"column":13}},"loc":{"start":{"line":25,"column":18},"end":{"line":28,"column":4}},"line":25},"4":{"name":"(anonymous_4)","decl":{"start":{"line":25,"column":30},"end":{"line":25,"column":31}},"loc":{"start":{"line":25,"column":43},"end":{"line":28,"column":3}},"line":25},"5":{"name":"(anonymous_5)","decl":{"start":{"line":31,"column":10},"end":{"line":31,"column":11}},"loc":{"start":{"line":31,"column":18},"end":{"line":43,"column":4}},"line":31},"6":{"name":"(anonymous_6)","decl":{"start":{"line":31,"column":30},"end":{"line":31,"column":31}},"loc":{"start":{"line":31,"column":43},"end":{"line":43,"column":3}},"line":31},"7":{"name":"(anonymous_7)","decl":{"start":{"line":46,"column":10},"end":{"line":46,"column":11}},"loc":{"start":{"line":46,"column":24},"end":{"line":60,"column":4}},"line":46},"8":{"name":"(anonymous_8)","decl":{"start":{"line":46,"column":36},"end":{"line":46,"column":37}},"loc":{"start":{"line":46,"column":49},"end":{"line":60,"column":3}},"line":46},"9":{"name":"(anonymous_9)","decl":{"start":{"line":63,"column":11},"end":{"line":63,"column":12}},"loc":{"start":{"line":63,"column":17},"end":{"line":74,"column":4}},"line":63},"10":{"name":"(anonymous_10)","decl":{"start":{"line":63,"column":29},"end":{"line":63,"column":30}},"loc":{"start":{"line":63,"column":42},"end":{"line":74,"column":3}},"line":63}},"branchMap":{"0":{"loc":{"start":{"line":3,"column":12},"end":{"line":3,"column":49}},"type":"binary-expr","locations":[{"start":{"line":3,"column":12},"end":{"line":3,"column":32}},{"start":{"line":3,"column":36},"end":{"line":3,"column":49}}],"line":3},"1":{"loc":{"start":{"line":49,"column":4},"end":{"line":51,"column":5}},"type":"if","locations":[{"start":{"line":49,"column":4},"end":{"line":51,"column":5}},{"start":{"line":49,"column":4},"end":{"line":51,"column":5}}],"line":49},"2":{"loc":{"start":{"line":66,"column":4},"end":{"line":71,"column":5}},"type":"if","locations":[{"start":{"line":66,"column":4},"end":{"line":71,"column":5}},{"start":{"line":66,"column":4},"end":{"line":71,"column":5}}],"line":66}},"s":{"0":1,"1":1,"2":1,"3":1,"4":1,"5":10,"6":1,"7":2,"8":2,"9":2,"10":2,"11":0,"12":1,"13":3,"14":2,"15":2,"16":2,"17":1,"18":1,"19":1,"20":1,"21":1,"22":1,"23":2,"24":2,"25":2,"26":1,"27":1,"28":1,"29":2,"30":2,"31":2,"32":1,"33":1,"34":1,"35":1,"36":1},"f":{"0":10,"1":2,"2":3,"3":2,"4":2,"5":1,"6":1,"7":2,"8":2,"9":2,"10":2},"b":{"0":[1,0],"1":[1,1],"2":[1,1]},"_coverageSchema":"43e27e138ebf9cfc5966b082cf9a028302ed4184","hash":"18a6310f52e272a6fe833012b0a1a59c93d7e0d2"}
,"/home/fbzpanatto/codenation/nodejs-8/src/model/schema.js": {"path":"/home/fbzpanatto/codenation/nodejs-8/src/model/schema.js","statementMap":{"0":{"start":{"line":1,"column":0},"end":{"line":9,"column":1}}},"fnMap":{},"branchMap":{},"s":{"0":1},"f":{},"b":{},"_coverageSchema":"43e27e138ebf9cfc5966b082cf9a028302ed4184","hash":"63c3b57010650c4a51005bc9f383593fc645496c"}
,"/home/fbzpanatto/codenation/nodejs-8/test/utils.js": {"path":"/home/fbzpanatto/codenation/nodejs-8/test/utils.js","statementMap":{"0":{"start":{"line":1,"column":11},"end":{"line":1,"column":24}},"1":{"start":{"line":2,"column":13},"end":{"line":2,"column":28}},"2":{"start":{"line":3,"column":12},"end":{"line":3,"column":18}},"3":{"start":{"line":5,"column":15},"end":{"line":5,"column":60}},"4":{"start":{"line":5,"column":21},"end":{"line":5,"column":60}},"5":{"start":{"line":7,"column":16},"end":{"line":10,"column":1}},"6":{"start":{"line":8,"column":19},"end":{"line":8,"column":71}},"7":{"start":{"line":9,"column":2},"end":{"line":9,"column":42}},"8":{"start":{"line":12,"column":19},"end":{"line":15,"column":1}},"9":{"start":{"line":13,"column":19},"end":{"line":13,"column":71}},"10":{"start":{"line":14,"column":2},"end":{"line":14,"column":67}},"11":{"start":{"line":17,"column":0},"end":{"line":21,"column":1}}},"fnMap":{"0":{"name":"(anonymous_0)","decl":{"start":{"line":5,"column":15},"end":{"line":5,"column":16}},"loc":{"start":{"line":5,"column":21},"end":{"line":5,"column":60}},"line":5},"1":{"name":"(anonymous_1)","decl":{"start":{"line":7,"column":16},"end":{"line":7,"column":17}},"loc":{"start":{"line":7,"column":22},"end":{"line":10,"column":1}},"line":7},"2":{"name":"(anonymous_2)","decl":{"start":{"line":12,"column":19},"end":{"line":12,"column":20}},"loc":{"start":{"line":12,"column":29},"end":{"line":15,"column":1}},"line":12}},"branchMap":{},"s":{"0":1,"1":1,"2":1,"3":1,"4":0,"5":1,"6":7,"7":7,"8":1,"9":5,"10":5,"11":1},"f":{"0":0,"1":7,"2":5},"b":{},"_coverageSchema":"43e27e138ebf9cfc5966b082cf9a028302ed4184","hash":"90a6eeb3eb05a6bcd74ea86132e18a95d7afb017"}
}
